<?xml version="1.0" encoding="UTF-8"?>
<robot generator="Robot 7.0.1 (Python 3.11.9 on linux)" generated="2025-01-16T15:45:52.629758" rpa="false" schemaversion="5">
<suite id="s1" name="Google Tests" source="/home/douglas/repo/automacao_de_testes/ferramentas/10_robot_framework/google_tests">
<suite id="s1-s1" name="Search Test" source="/home/douglas/repo/automacao_de_testes/ferramentas/10_robot_framework/google_tests/search_test.robot">
<test id="s1-s1-t1" name="Search cheese" line="6">
<kw name="Open Browser To Search Page" owner="resources">
<kw name="Open Browser" owner="SeleniumLibrary">
<msg time="2025-01-16T15:45:52.790318" level="INFO">Opening browser 'Chrome' to base url 'http://www.google.com'.</msg>
<arg>${LOGIN URL}</arg>
<arg>${BROWSER}</arg>
<doc>Opens a new browser instance to the optional ``url``.</doc>
<status status="PASS" start="2025-01-16T15:45:52.790025" elapsed="4.348108"/>
</kw>
<kw name="Title Should Be" owner="SeleniumLibrary">
<msg time="2025-01-16T15:45:57.148109" level="INFO">Page title is 'Google'.</msg>
<arg>Google</arg>
<doc>Verifies that the current page title equals ``title``.</doc>
<status status="PASS" start="2025-01-16T15:45:57.138417" elapsed="0.009901"/>
</kw>
<status status="PASS" start="2025-01-16T15:45:52.789134" elapsed="4.359453"/>
</kw>
<kw name="Search Term" owner="resources">
<kw name="Input Text" owner="SeleniumLibrary">
<msg time="2025-01-16T15:45:57.150730" level="INFO">Typing text 'cheese' into text field 'q'.</msg>
<arg>q</arg>
<arg>${term}</arg>
<doc>Types the given ``text`` into the text field identified by ``locator``.</doc>
<status status="PASS" start="2025-01-16T15:45:57.149838" elapsed="0.153055"/>
</kw>
<kw name="Wait Until Element Is Enabled" owner="SeleniumLibrary">
<arg>btnK</arg>
<doc>Waits until the element ``locator`` is enabled.</doc>
<status status="PASS" start="2025-01-16T15:45:57.303390" elapsed="0.043191"/>
</kw>
<kw name="Press Key" owner="SeleniumLibrary">
<arg>xpath://body</arg>
<arg>ESC</arg>
<doc>Simulates user pressing key on element identified by ``locator``.</doc>
<status status="PASS" start="2025-01-16T15:45:57.346960" elapsed="0.139573"/>
</kw>
<kw name="Click Button" owner="SeleniumLibrary">
<msg time="2025-01-16T15:45:57.487253" level="INFO">Clicking button 'btnK'.</msg>
<arg>btnK</arg>
<doc>Clicks the button identified by ``locator``.</doc>
<status status="PASS" start="2025-01-16T15:45:57.486967" elapsed="0.269500"/>
</kw>
<arg>cheese</arg>
<status status="PASS" start="2025-01-16T15:45:57.149124" elapsed="0.607554"/>
</kw>
<kw name="All Tab Should Be Open" owner="resources">
<kw name="Wait Until Element Is Visible" owner="SeleniumLibrary">
<arg>css:#logo</arg>
<doc>Waits until the element ``locator`` is visible.</doc>
<status status="PASS" start="2025-01-16T15:45:57.757539" elapsed="2.120489"/>
</kw>
<kw name="Element Attribute Value Should Be" owner="SeleniumLibrary">
<msg time="2025-01-16T15:45:59.921557" level="INFO">Element 'css:#logo' attribute 'title' contains value 'Ir para a página inicial do Google'.</msg>
<arg>css:#logo</arg>
<arg>title</arg>
<arg>Ir para a página inicial do Google</arg>
<doc>Verifies element identified by ``locator`` contains expected attribute value.</doc>
<status status="PASS" start="2025-01-16T15:45:59.878338" elapsed="0.043338"/>
</kw>
<status status="PASS" start="2025-01-16T15:45:57.757107" elapsed="2.164709"/>
</kw>
<kw name="Close Browser" owner="SeleniumLibrary" type="TEARDOWN">
<doc>Closes the current browser.</doc>
<status status="PASS" start="2025-01-16T15:45:59.922274" elapsed="0.067020"/>
</kw>
<status status="PASS" start="2025-01-16T15:45:52.788548" elapsed="7.200956"/>
</test>
<doc>Search the terms on Google.</doc>
<status status="PASS" start="2025-01-16T15:45:52.659166" elapsed="7.330998"/>
</suite>
<status status="PASS" start="2025-01-16T15:45:52.631031" elapsed="7.360220"/>
</suite>
<statistics>
<total>
<stat pass="1" fail="0" skip="0">All Tests</stat>
</total>
<tag>
</tag>
<suite>
<stat pass="1" fail="0" skip="0" id="s1" name="Google Tests">Google Tests</stat>
<stat pass="1" fail="0" skip="0" id="s1-s1" name="Search Test">Google Tests.Search Test</stat>
</suite>
</statistics>
<errors>
</errors>
</robot>
